<?xml version="1.0" encoding="UTF-8"?>
<testng-results skipped="0" failed="0" total="1" passed="1">
  <reporter-output>
  </reporter-output>
  <suite name="Default suite" duration-ms="10925" started-at="2021-08-10T07:54:38Z" finished-at="2021-08-10T07:54:49Z">
    <groups>
    </groups>
    <test name="Default test" duration-ms="10925" started-at="2021-08-10T07:54:38Z" finished-at="2021-08-10T07:54:49Z">
      <class name="csvfile.newtask">
        <test-method status="PASS" signature="m1()[pri:0, instance:csvfile.newtask@1c072cb]" name="m1" duration-ms="10886" started-at="2021-08-10T13:24:39Z" finished-at="2021-08-10T13:24:49Z">
          <reporter-output>
          </reporter-output>
        </test-method> <!-- m1 -->
      </class> <!-- csvfile.newtask -->
    </test> <!-- Default test -->
  </suite> <!-- Default suite -->
</testng-results>
